{
  "RSpec": {
    "coverage": {
      "/Users/benauld/Projects/bank-tech-test/spec/feature/bank_tech_test_feature_spec.rb": {
        "lines": [
          null,
          null,
          1,
          1,
          null,
          1,
          1,
          1,
          1,
          1,
          1,
          1,
          1,
          null,
          null,
          null,
          1,
          1,
          1,
          1,
          1,
          1,
          2,
          null,
          null,
          null
        ]
      },
      "/Users/benauld/Projects/bank-tech-test/lib/account.rb": {
        "lines": [
          null,
          null,
          null,
          1,
          1,
          8,
          8,
          8,
          null,
          null,
          1,
          11,
          11,
          11,
          11,
          null,
          null,
          1,
          9,
          9,
          9,
          9,
          null,
          null,
          1,
          2,
          2,
          null,
          null
        ]
      },
      "/Users/benauld/Projects/bank-tech-test/lib/account_report.rb": {
        "lines": [
          null,
          null,
          null,
          1,
          1,
          4,
          4,
          null,
          null,
          1,
          4,
          4,
          null,
          null,
          1,
          4,
          3,
          6,
          null,
          1,
          null,
          null,
          null
        ]
      },
      "/Users/benauld/Projects/bank-tech-test/spec/unit/account_report_spec.rb": {
        "lines": [
          null,
          null,
          1,
          null,
          1,
          1,
          1,
          null,
          null,
          null,
          1,
          1,
          1,
          2,
          null,
          null,
          1,
          1,
          2,
          null,
          null,
          null
        ]
      },
      "/Users/benauld/Projects/bank-tech-test/spec/unit/account_spec.rb": {
        "lines": [
          null,
          null,
          1,
          null,
          1,
          1,
          1,
          1,
          1,
          null,
          null,
          1,
          1,
          1,
          1,
          null,
          null,
          1,
          1,
          1,
          1,
          1,
          1,
          2,
          null,
          null,
          null
        ]
      },
      "/Users/benauld/Projects/bank-tech-test/spec/unit/account_withdraw_spec.rb": {
        "lines": [
          null,
          null,
          1,
          null,
          1,
          1,
          1,
          1,
          1,
          null,
          null,
          1,
          1,
          1,
          1,
          null,
          null,
          null,
          1,
          1,
          1,
          1,
          1,
          1,
          1,
          null,
          null,
          null
        ]
      }
    },
    "timestamp": 1582624453
  }
}
