{
  "RSpec": {
    "coverage": {
      "/Users/benauld/Projects/bank-tech-test/spec/account_report_spec.rb": {
        "lines": [
          null,
          null,
          1,
          1,
          null,
          null,
          null,
          1,
          1,
          1,
          1,
          1,
          1,
          null,
          null,
          null,
          null,
          null,
          null,
          null,
          null,
          null,
          null,
          null,
          null
        ]
      },
      "/Users/benauld/Projects/bank-tech-test/lib/account_report.rb": {
        "lines": [
          null,
          null,
          1,
          1,
          1,
          null,
          null,
          1,
          0,
          null,
          null
        ]
      },
      "/Users/benauld/Projects/bank-tech-test/lib/account.rb": {
        "lines": [
          null,
          null,
          1,
          1,
          5,
          5,
          5,
          null,
          null,
          1,
          5,
          5,
          5,
          5,
          null,
          null,
          1,
          5,
          5,
          5,
          5,
          null,
          null
        ]
      },
      "/Users/benauld/Projects/bank-tech-test/spec/account_spec.rb": {
        "lines": [
          null,
          null,
          1,
          null,
          1,
          1,
          1,
          1,
          1,
          null,
          null,
          1,
          1,
          1,
          1,
          null,
          null,
          null,
          1,
          1,
          1,
          1,
          null,
          null,
          1,
          1,
          1,
          1,
          null,
          null,
          null,
          1,
          1,
          1,
          1,
          1,
          1,
          1,
          null,
          null,
          null
        ]
      }
    },
    "timestamp": 1582554082
  }
}
